TN:
SF:src\services\user.service.js
FN:4,(anonymous_0)
FN:15,(anonymous_1)
FN:35,(anonymous_2)
FN:52,(anonymous_3)
FN:63,(anonymous_4)
FNF:5
FNH:5
FNDA:2,(anonymous_0)
FNDA:2,(anonymous_1)
FNDA:3,(anonymous_2)
FNDA:3,(anonymous_3)
FNDA:1,(anonymous_4)
DA:1,1
DA:3,1
DA:5,2
DA:9,2
DA:10,0
DA:12,2
DA:16,2
DA:17,2
DA:18,2
DA:20,2
DA:21,10
DA:22,5
DA:23,5
DA:27,2
DA:29,1
DA:30,1
DA:32,1
DA:36,3
DA:38,3
DA:39,3
DA:40,1
DA:43,2
DA:44,2
DA:45,1
DA:48,1
DA:49,1
DA:53,3
DA:54,3
DA:56,1
DA:57,1
DA:58,1
DA:60,2
DA:64,1
DA:65,1
DA:66,1
DA:68,1
DA:69,5
DA:70,2
DA:71,2
DA:75,1
DA:77,1
DA:78,1
DA:80,1
DA:84,1
LF:44
LH:43
BRDA:9,0,0,0
BRDA:9,0,1,2
BRDA:21,1,0,5
BRDA:21,1,1,5
BRDA:27,2,0,1
BRDA:27,2,1,1
BRDA:39,3,0,1
BRDA:39,3,1,2
BRDA:44,4,0,1
BRDA:44,4,1,1
BRDA:54,5,0,1
BRDA:54,5,1,2
BRDA:69,6,0,2
BRDA:69,6,1,3
BRDA:75,7,0,0
BRDA:75,7,1,1
BRF:16
BRH:14
end_of_record
